<?xml version="1.0" encoding="UTF-8"?>
<coverage generated="1543107322800" clover="3.2.0">
  <project timestamp="1543107322800" name="All files">
    <metrics statements="24" coveredstatements="9" conditionals="5" coveredconditionals="0" methods="19" coveredmethods="0" elements="48" coveredelements="9" complexity="0" loc="24" ncloc="24" packages="3" files="3" classes="3">
      <package name="redux.actions">
        <metrics statements="5" coveredstatements="5" conditionals="1" coveredconditionals="0" methods="5" coveredmethods="0"/>
        <file name="filters.js" path="/Users/joe/programming/myprojects/barely-teaching-app/src/redux/actions/filters.js">
          <metrics statements="5" coveredstatements="5" conditionals="1" coveredconditionals="0" methods="5" coveredmethods="0"/>
          <line num="2" count="1" type="cond" truecount="0" falsecount="1"/>
          <line num="8" count="1" type="stmt"/>
          <line num="13" count="1" type="stmt"/>
          <line num="18" count="1" type="stmt"/>
          <line num="24" count="1" type="stmt"/>
        </file>
      </package>
      <package name="tests.fixtures">
        <metrics statements="2" coveredstatements="2" conditionals="0" coveredconditionals="0" methods="0" coveredmethods="0"/>
        <file name="filters.js" path="/Users/joe/programming/myprojects/barely-teaching-app/src/tests/fixtures/filters.js">
          <metrics statements="2" coveredstatements="2" conditionals="0" coveredconditionals="0" methods="0" coveredmethods="0"/>
          <line num="3" count="1" type="stmt"/>
          <line num="10" count="1" type="stmt"/>
        </file>
      </package>
      <package name="views.Reports.components">
        <metrics statements="17" coveredstatements="2" conditionals="4" coveredconditionals="0" methods="14" coveredmethods="0"/>
        <file name="ReportListFilters.js" path="/Users/joe/programming/myprojects/barely-teaching-app/src/views/Reports/components/ReportListFilters.js">
          <metrics statements="17" coveredstatements="2" conditionals="4" coveredconditionals="0" methods="14" coveredmethods="0"/>
          <line num="17" count="0" type="stmt"/>
          <line num="18" count="0" type="stmt"/>
          <line num="21" count="0" type="stmt"/>
          <line num="24" count="0" type="stmt"/>
          <line num="27" count="0" type="cond" truecount="0" falsecount="2"/>
          <line num="28" count="0" type="stmt"/>
          <line num="29" count="0" type="cond" truecount="0" falsecount="2"/>
          <line num="30" count="0" type="stmt"/>
          <line num="34" count="0" type="stmt"/>
          <line num="65" count="0" type="stmt"/>
          <line num="74" count="1" type="stmt"/>
          <line num="78" count="1" type="stmt"/>
          <line num="79" count="0" type="stmt"/>
          <line num="80" count="0" type="stmt"/>
          <line num="81" count="0" type="stmt"/>
          <line num="82" count="0" type="stmt"/>
          <line num="83" count="0" type="stmt"/>
        </file>
      </package>
    </metrics>
  </project>
</coverage>
