<?xml version="1.0" encoding="UTF-8"?>
<coverage generated="1543173889613" clover="3.2.0">
  <project timestamp="1543173889613" name="All files">
    <metrics statements="124" coveredstatements="80" conditionals="47" coveredconditionals="32" methods="64" coveredmethods="27" elements="235" coveredelements="139" complexity="0" loc="124" ncloc="124" packages="10" files="17" classes="17">
      <package name="barely-teaching-app">
        <metrics statements="3" coveredstatements="3" conditionals="0" coveredconditionals="0" methods="0" coveredmethods="0"/>
        <file name="util.js" path="/Users/joe/programming/myprojects/barely-teaching-app/util.js">
          <metrics statements="3" coveredstatements="3" conditionals="0" coveredconditionals="0" methods="0" coveredmethods="0"/>
          <line num="1" count="4" type="stmt"/>
          <line num="2" count="4" type="stmt"/>
          <line num="3" count="4" type="stmt"/>
        </file>
      </package>
      <package name="barely-teaching-app.src.components">
        <metrics statements="6" coveredstatements="3" conditionals="0" coveredconditionals="0" methods="4" coveredmethods="0"/>
        <file name="header.js" path="/Users/joe/programming/myprojects/barely-teaching-app/src/components/header.js">
          <metrics statements="4" coveredstatements="2" conditionals="0" coveredconditionals="0" methods="3" coveredmethods="0"/>
          <line num="10" count="1" type="stmt"/>
          <line num="11" count="0" type="stmt"/>
          <line num="58" count="1" type="stmt"/>
          <line num="59" count="0" type="stmt"/>
        </file>
        <file name="loading-page.js" path="/Users/joe/programming/myprojects/barely-teaching-app/src/components/loading-page.js">
          <metrics statements="2" coveredstatements="1" conditionals="0" coveredconditionals="0" methods="1" coveredmethods="0"/>
          <line num="6" count="1" type="stmt"/>
          <line num="7" count="0" type="stmt"/>
        </file>
      </package>
      <package name="barely-teaching-app.src.firebase">
        <metrics statements="4" coveredstatements="4" conditionals="0" coveredconditionals="0" methods="0" coveredmethods="0"/>
        <file name="firebase.js" path="/Users/joe/programming/myprojects/barely-teaching-app/src/firebase/firebase.js">
          <metrics statements="4" coveredstatements="4" conditionals="0" coveredconditionals="0" methods="0" coveredmethods="0"/>
          <line num="8" count="4" type="stmt"/>
          <line num="17" count="4" type="stmt"/>
          <line num="19" count="4" type="stmt"/>
          <line num="20" count="4" type="stmt"/>
        </file>
      </package>
      <package name="barely-teaching-app.src.redux.actions">
        <metrics statements="42" coveredstatements="26" conditionals="8" coveredconditionals="1" methods="28" coveredmethods="19"/>
        <file name="auth.js" path="/Users/joe/programming/myprojects/barely-teaching-app/src/redux/actions/auth.js">
          <metrics statements="8" coveredstatements="4" conditionals="0" coveredconditionals="0" methods="6" coveredmethods="2"/>
          <line num="3" count="3" type="stmt"/>
          <line num="8" count="3" type="stmt"/>
          <line num="9" count="0" type="stmt"/>
          <line num="10" count="0" type="stmt"/>
          <line num="14" count="3" type="stmt"/>
          <line num="18" count="3" type="stmt"/>
          <line num="19" count="0" type="stmt"/>
          <line num="20" count="0" type="stmt"/>
        </file>
        <file name="filters.js" path="/Users/joe/programming/myprojects/barely-teaching-app/src/redux/actions/filters.js">
          <metrics statements="5" coveredstatements="5" conditionals="1" coveredconditionals="1" methods="5" coveredmethods="5"/>
          <line num="2" count="2" type="cond" truecount="1" falsecount="0"/>
          <line num="8" count="2" type="stmt"/>
          <line num="13" count="2" type="stmt"/>
          <line num="18" count="2" type="stmt"/>
          <line num="24" count="2" type="stmt"/>
        </file>
        <file name="reports.js" path="/Users/joe/programming/myprojects/barely-teaching-app/src/redux/actions/reports.js">
          <metrics statements="29" coveredstatements="17" conditionals="7" coveredconditionals="0" methods="17" coveredmethods="12"/>
          <line num="5" count="1" type="stmt"/>
          <line num="10" count="1" type="cond" truecount="0" falsecount="1"/>
          <line num="11" count="2" type="stmt"/>
          <line num="12" count="2" type="stmt"/>
          <line num="18" count="0" type="stmt"/>
          <line num="19" count="0" type="stmt"/>
          <line num="21" count="0" type="stmt"/>
          <line num="25" count="0" type="stmt"/>
          <line num="36" count="1" type="cond" truecount="0" falsecount="1"/>
          <line num="41" count="1" type="cond" truecount="0" falsecount="1"/>
          <line num="42" count="1" type="stmt"/>
          <line num="43" count="1" type="stmt"/>
          <line num="44" count="1" type="stmt"/>
          <line num="48" count="0" type="stmt"/>
          <line num="54" count="1" type="stmt"/>
          <line num="60" count="1" type="stmt"/>
          <line num="61" count="1" type="stmt"/>
          <line num="62" count="1" type="stmt"/>
          <line num="63" count="0" type="stmt"/>
          <line num="67" count="0" type="stmt"/>
          <line num="73" count="1" type="stmt"/>
          <line num="78" count="1" type="stmt"/>
          <line num="79" count="1" type="stmt"/>
          <line num="80" count="1" type="stmt"/>
          <line num="81" count="0" type="stmt"/>
          <line num="85" count="0" type="stmt"/>
          <line num="87" count="0" type="stmt"/>
          <line num="88" count="0" type="stmt"/>
          <line num="94" count="0" type="stmt"/>
        </file>
      </package>
      <package name="barely-teaching-app.src.redux.reducers">
        <metrics statements="32" coveredstatements="26" conditionals="20" coveredconditionals="17" methods="10" coveredmethods="5"/>
        <file name="auth.js" path="/Users/joe/programming/myprojects/barely-teaching-app/src/redux/reducers/auth.js">
          <metrics statements="4" coveredstatements="3" conditionals="4" coveredconditionals="2" methods="1" coveredmethods="1"/>
          <line num="2" count="2" type="cond" truecount="2" falsecount="1"/>
          <line num="4" count="1" type="stmt"/>
          <line num="8" count="1" type="stmt"/>
          <line num="10" count="0" type="stmt"/>
        </file>
        <file name="filters.js" path="/Users/joe/programming/myprojects/barely-teaching-app/src/redux/reducers/filters.js">
          <metrics statements="18" coveredstatements="13" conditionals="8" coveredconditionals="7" methods="6" coveredmethods="1"/>
          <line num="3" count="1" type="stmt"/>
          <line num="4" count="1" type="stmt"/>
          <line num="5" count="1" type="stmt"/>
          <line num="6" count="1" type="stmt"/>
          <line num="7" count="1" type="stmt"/>
          <line num="9" count="1" type="stmt"/>
          <line num="17" count="6" type="cond" truecount="6" falsecount="0"/>
          <line num="19" count="1" type="stmt"/>
          <line num="24" count="1" type="stmt"/>
          <line num="26" count="1" type="stmt"/>
          <line num="31" count="1" type="stmt"/>
          <line num="36" count="1" type="stmt"/>
          <line num="41" count="1" type="stmt"/>
          <line num="47" count="0" type="stmt"/>
          <line num="55" count="0" type="stmt"/>
          <line num="62" count="0" type="stmt"/>
          <line num="69" count="0" type="stmt"/>
          <line num="77" count="0" type="stmt"/>
        </file>
        <file name="reports.js" path="/Users/joe/programming/myprojects/barely-teaching-app/src/redux/reducers/reports.js">
          <metrics statements="10" coveredstatements="10" conditionals="8" coveredconditionals="8" methods="3" coveredmethods="3"/>
          <line num="3" count="1" type="stmt"/>
          <line num="6" count="7" type="cond" truecount="5" falsecount="0"/>
          <line num="8" count="1" type="stmt"/>
          <line num="10" count="6" type="stmt"/>
          <line num="12" count="2" type="stmt"/>
          <line num="13" count="6" type="cond" truecount="2" falsecount="0"/>
          <line num="14" count="1" type="stmt"/>
          <line num="16" count="5" type="stmt"/>
          <line num="20" count="1" type="stmt"/>
          <line num="22" count="1" type="stmt"/>
        </file>
      </package>
      <package name="barely-teaching-app.src.tests.fixtures">
        <metrics statements="2" coveredstatements="2" conditionals="0" coveredconditionals="0" methods="0" coveredmethods="0"/>
        <file name="filters.js" path="/Users/joe/programming/myprojects/barely-teaching-app/src/tests/fixtures/filters.js">
          <metrics statements="2" coveredstatements="2" conditionals="0" coveredconditionals="0" methods="0" coveredmethods="0"/>
          <line num="3" count="1" type="stmt"/>
          <line num="10" count="1" type="stmt"/>
        </file>
        <file name="reports.js" path="/Users/joe/programming/myprojects/barely-teaching-app/src/tests/fixtures/reports.js">
          <metrics statements="0" coveredstatements="0" conditionals="0" coveredconditionals="0" methods="0" coveredmethods="0"/>
        </file>
      </package>
      <package name="barely-teaching-app.src.views.Reports.components">
        <metrics statements="19" coveredstatements="3" conditionals="4" coveredconditionals="0" methods="15" coveredmethods="0"/>
        <file name="ReportListFilters.js" path="/Users/joe/programming/myprojects/barely-teaching-app/src/views/Reports/components/ReportListFilters.js">
          <metrics statements="17" coveredstatements="2" conditionals="4" coveredconditionals="0" methods="14" coveredmethods="0"/>
          <line num="17" count="0" type="stmt"/>
          <line num="18" count="0" type="stmt"/>
          <line num="21" count="0" type="stmt"/>
          <line num="24" count="0" type="stmt"/>
          <line num="27" count="0" type="cond" truecount="0" falsecount="2"/>
          <line num="28" count="0" type="stmt"/>
          <line num="29" count="0" type="cond" truecount="0" falsecount="2"/>
          <line num="30" count="0" type="stmt"/>
          <line num="34" count="0" type="stmt"/>
          <line num="65" count="0" type="stmt"/>
          <line num="74" count="1" type="stmt"/>
          <line num="78" count="1" type="stmt"/>
          <line num="79" count="0" type="stmt"/>
          <line num="80" count="0" type="stmt"/>
          <line num="81" count="0" type="stmt"/>
          <line num="82" count="0" type="stmt"/>
          <line num="83" count="0" type="stmt"/>
        </file>
        <file name="ReportListItem.js" path="/Users/joe/programming/myprojects/barely-teaching-app/src/views/Reports/components/ReportListItem.js">
          <metrics statements="2" coveredstatements="1" conditionals="0" coveredconditionals="0" methods="1" coveredmethods="0"/>
          <line num="6" count="1" type="stmt"/>
          <line num="7" count="0" type="stmt"/>
        </file>
      </package>
      <package name="barely-teaching-app.src.views.Reports.containers.ReportsHeader">
        <metrics statements="2" coveredstatements="1" conditionals="0" coveredconditionals="0" methods="1" coveredmethods="0"/>
        <file name="ReportsHeader.js" path="/Users/joe/programming/myprojects/barely-teaching-app/src/views/Reports/containers/ReportsHeader/ReportsHeader.js">
          <metrics statements="2" coveredstatements="1" conditionals="0" coveredconditionals="0" methods="1" coveredmethods="0"/>
          <line num="4" count="1" type="stmt"/>
          <line num="5" count="0" type="stmt"/>
        </file>
      </package>
      <package name="barely-teaching-app.src.views.Reports.selectors">
        <metrics statements="10" coveredstatements="10" conditionals="15" coveredconditionals="14" methods="3" coveredmethods="3"/>
        <file name="reports.js" path="/Users/joe/programming/myprojects/barely-teaching-app/src/views/Reports/selectors/reports.js">
          <metrics statements="10" coveredstatements="10" conditionals="15" coveredconditionals="14" methods="3" coveredmethods="3"/>
          <line num="5" count="5" type="stmt"/>
          <line num="7" count="15" type="stmt"/>
          <line num="8" count="15" type="cond" truecount="2" falsecount="0"/>
          <line num="11" count="15" type="cond" truecount="2" falsecount="0"/>
          <line num="14" count="15" type="stmt"/>
          <line num="18" count="15" type="cond" truecount="3" falsecount="0"/>
          <line num="21" count="9" type="cond" truecount="2" falsecount="0"/>
          <line num="22" count="6" type="cond" truecount="2" falsecount="0"/>
          <line num="23" count="3" type="cond" truecount="1" falsecount="1"/>
          <line num="24" count="3" type="cond" truecount="2" falsecount="0"/>
        </file>
      </package>
      <package name="barely-teaching-app.src.views.login-view">
        <metrics statements="4" coveredstatements="2" conditionals="0" coveredconditionals="0" methods="3" coveredmethods="0"/>
        <file name="login-view.js" path="/Users/joe/programming/myprojects/barely-teaching-app/src/views/login-view/login-view.js">
          <metrics statements="4" coveredstatements="2" conditionals="0" coveredconditionals="0" methods="3" coveredmethods="0"/>
          <line num="9" count="1" type="stmt"/>
          <line num="10" count="0" type="stmt"/>
          <line num="25" count="1" type="stmt"/>
          <line num="26" count="0" type="stmt"/>
        </file>
      </package>
    </metrics>
  </project>
</coverage>
