{"/Users/joe/programming/myprojects/barely-teaching-app/src/redux/actions/filters.js": {"path":"/Users/joe/programming/myprojects/barely-teaching-app/src/redux/actions/filters.js","statementMap":{"0":{"start":{"line":2,"column":29},"end":{"line":5,"column":2}},"1":{"start":{"line":2,"column":45},"end":{"line":5,"column":1}},"2":{"start":{"line":8,"column":26},"end":{"line":10,"column":2}},"3":{"start":{"line":8,"column":33},"end":{"line":10,"column":1}},"4":{"start":{"line":13,"column":28},"end":{"line":15,"column":2}},"5":{"start":{"line":13,"column":35},"end":{"line":15,"column":1}},"6":{"start":{"line":18,"column":28},"end":{"line":21,"column":2}},"7":{"start":{"line":18,"column":42},"end":{"line":21,"column":1}},"8":{"start":{"line":24,"column":26},"end":{"line":27,"column":2}},"9":{"start":{"line":24,"column":38},"end":{"line":27,"column":1}}},"fnMap":{"0":{"name":"(anonymous_0)","decl":{"start":{"line":2,"column":29},"end":{"line":2,"column":30}},"loc":{"start":{"line":2,"column":45},"end":{"line":5,"column":1}},"line":2},"1":{"name":"(anonymous_1)","decl":{"start":{"line":8,"column":26},"end":{"line":8,"column":27}},"loc":{"start":{"line":8,"column":33},"end":{"line":10,"column":1}},"line":8},"2":{"name":"(anonymous_2)","decl":{"start":{"line":13,"column":28},"end":{"line":13,"column":29}},"loc":{"start":{"line":13,"column":35},"end":{"line":15,"column":1}},"line":13},"3":{"name":"(anonymous_3)","decl":{"start":{"line":18,"column":28},"end":{"line":18,"column":29}},"loc":{"start":{"line":18,"column":42},"end":{"line":21,"column":1}},"line":18},"4":{"name":"(anonymous_4)","decl":{"start":{"line":24,"column":26},"end":{"line":24,"column":27}},"loc":{"start":{"line":24,"column":38},"end":{"line":27,"column":1}},"line":24}},"branchMap":{"0":{"loc":{"start":{"line":2,"column":30},"end":{"line":2,"column":39}},"type":"default-arg","locations":[{"start":{"line":2,"column":37},"end":{"line":2,"column":39}}],"line":2}},"s":{"0":1,"1":0,"2":1,"3":0,"4":1,"5":0,"6":1,"7":0,"8":1,"9":0},"f":{"0":0,"1":0,"2":0,"3":0,"4":0},"b":{"0":[0]},"_coverageSchema":"332fd63041d2c1bcb487cc26dd0d5f7d97098a6c","hash":"84486abfca8d20d6b5ab968e014fffe2832fdd88"}
,"/Users/joe/programming/myprojects/barely-teaching-app/src/tests/fixtures/filters.js": {"path":"/Users/joe/programming/myprojects/barely-teaching-app/src/tests/fixtures/filters.js","statementMap":{"0":{"start":{"line":3,"column":16},"end":{"line":8,"column":1}},"1":{"start":{"line":10,"column":19},"end":{"line":15,"column":1}}},"fnMap":{},"branchMap":{},"s":{"0":1,"1":1},"f":{},"b":{},"_coverageSchema":"332fd63041d2c1bcb487cc26dd0d5f7d97098a6c","hash":"84cc106b02e7323c8b87dde0d7cfd515e3baee23"}
,"/Users/joe/programming/myprojects/barely-teaching-app/src/views/Reports/components/ReportListFilters.js": {"path":"/Users/joe/programming/myprojects/barely-teaching-app/src/views/Reports/components/ReportListFilters.js","statementMap":{"0":{"start":{"line":17,"column":4},"end":{"line":17,"column":39}},"1":{"start":{"line":18,"column":4},"end":{"line":18,"column":35}},"2":{"start":{"line":21,"column":4},"end":{"line":21,"column":47}},"3":{"start":{"line":21,"column":25},"end":{"line":21,"column":44}},"4":{"start":{"line":24,"column":4},"end":{"line":24,"column":45}},"5":{"start":{"line":27,"column":4},"end":{"line":31,"column":5}},"6":{"start":{"line":28,"column":6},"end":{"line":28,"column":30}},"7":{"start":{"line":29,"column":11},"end":{"line":31,"column":5}},"8":{"start":{"line":30,"column":6},"end":{"line":30,"column":32}},"9":{"start":{"line":34,"column":4},"end":{"line":70,"column":6}},"10":{"start":{"line":65,"column":36},"end":{"line":65,"column":41}},"11":{"start":{"line":74,"column":24},"end":{"line":76,"column":2}},"12":{"start":{"line":74,"column":34},"end":{"line":76,"column":1}},"13":{"start":{"line":78,"column":27},"end":{"line":84,"column":2}},"14":{"start":{"line":78,"column":40},"end":{"line":84,"column":1}},"15":{"start":{"line":79,"column":25},"end":{"line":79,"column":54}},"16":{"start":{"line":80,"column":20},"end":{"line":80,"column":42}},"17":{"start":{"line":81,"column":22},"end":{"line":81,"column":46}},"18":{"start":{"line":82,"column":29},"end":{"line":82,"column":62}},"19":{"start":{"line":83,"column":25},"end":{"line":83,"column":54}}},"fnMap":{"0":{"name":"(anonymous_0)","decl":{"start":{"line":16,"column":18},"end":{"line":16,"column":19}},"loc":{"start":{"line":16,"column":46},"end":{"line":19,"column":3}},"line":16},"1":{"name":"(anonymous_1)","decl":{"start":{"line":20,"column":18},"end":{"line":20,"column":19}},"loc":{"start":{"line":20,"column":37},"end":{"line":22,"column":3}},"line":20},"2":{"name":"(anonymous_2)","decl":{"start":{"line":21,"column":18},"end":{"line":21,"column":19}},"loc":{"start":{"line":21,"column":25},"end":{"line":21,"column":44}},"line":21},"3":{"name":"(anonymous_3)","decl":{"start":{"line":23,"column":17},"end":{"line":23,"column":18}},"loc":{"start":{"line":23,"column":22},"end":{"line":25,"column":3}},"line":23},"4":{"name":"(anonymous_4)","decl":{"start":{"line":26,"column":17},"end":{"line":26,"column":18}},"loc":{"start":{"line":26,"column":22},"end":{"line":32,"column":3}},"line":26},"5":{"name":"(anonymous_5)","decl":{"start":{"line":33,"column":2},"end":{"line":33,"column":3}},"loc":{"start":{"line":33,"column":11},"end":{"line":71,"column":3}},"line":33},"6":{"name":"(anonymous_6)","decl":{"start":{"line":65,"column":30},"end":{"line":65,"column":31}},"loc":{"start":{"line":65,"column":36},"end":{"line":65,"column":41}},"line":65},"7":{"name":"(anonymous_7)","decl":{"start":{"line":74,"column":24},"end":{"line":74,"column":25}},"loc":{"start":{"line":74,"column":34},"end":{"line":76,"column":1}},"line":74},"8":{"name":"(anonymous_8)","decl":{"start":{"line":78,"column":27},"end":{"line":78,"column":28}},"loc":{"start":{"line":78,"column":40},"end":{"line":84,"column":1}},"line":78},"9":{"name":"(anonymous_9)","decl":{"start":{"line":79,"column":17},"end":{"line":79,"column":18}},"loc":{"start":{"line":79,"column":25},"end":{"line":79,"column":54}},"line":79},"10":{"name":"(anonymous_10)","decl":{"start":{"line":80,"column":14},"end":{"line":80,"column":15}},"loc":{"start":{"line":80,"column":20},"end":{"line":80,"column":42}},"line":80},"11":{"name":"(anonymous_11)","decl":{"start":{"line":81,"column":16},"end":{"line":81,"column":17}},"loc":{"start":{"line":81,"column":22},"end":{"line":81,"column":46}},"line":81},"12":{"name":"(anonymous_12)","decl":{"start":{"line":82,"column":16},"end":{"line":82,"column":17}},"loc":{"start":{"line":82,"column":29},"end":{"line":82,"column":62}},"line":82},"13":{"name":"(anonymous_13)","decl":{"start":{"line":83,"column":14},"end":{"line":83,"column":15}},"loc":{"start":{"line":83,"column":25},"end":{"line":83,"column":54}},"line":83}},"branchMap":{"0":{"loc":{"start":{"line":27,"column":4},"end":{"line":31,"column":5}},"type":"if","locations":[{"start":{"line":27,"column":4},"end":{"line":31,"column":5}},{"start":{"line":27,"column":4},"end":{"line":31,"column":5}}],"line":27},"1":{"loc":{"start":{"line":29,"column":11},"end":{"line":31,"column":5}},"type":"if","locations":[{"start":{"line":29,"column":11},"end":{"line":31,"column":5}},{"start":{"line":29,"column":11},"end":{"line":31,"column":5}}],"line":29}},"s":{"0":0,"1":0,"2":0,"3":0,"4":0,"5":0,"6":0,"7":0,"8":0,"9":0,"10":0,"11":1,"12":0,"13":1,"14":0,"15":0,"16":0,"17":0,"18":0,"19":0},"f":{"0":0,"1":0,"2":0,"3":0,"4":0,"5":0,"6":0,"7":0,"8":0,"9":0,"10":0,"11":0,"12":0,"13":0},"b":{"0":[0,0],"1":[0,0]},"_coverageSchema":"332fd63041d2c1bcb487cc26dd0d5f7d97098a6c","hash":"52154342e06998b2a23eec7722663dbf2980a376"}
}
