{"/Users/joe/programming/myprojects/barely-teaching-app/util.js": {"path":"/Users/joe/programming/myprojects/barely-teaching-app/util.js","statementMap":{"0":{"start":{"line":1,"column":22},"end":{"line":1,"column":63}},"1":{"start":{"line":2,"column":26},"end":{"line":2,"column":63}},"2":{"start":{"line":3,"column":27},"end":{"line":3,"column":72}}},"fnMap":{},"branchMap":{},"s":{"0":4,"1":4,"2":4},"f":{},"b":{},"_coverageSchema":"332fd63041d2c1bcb487cc26dd0d5f7d97098a6c","hash":"c5a33453c0995395e3bda58596754b1820ca177f"}
,"/Users/joe/programming/myprojects/barely-teaching-app/src/components/header.js": {"path":"/Users/joe/programming/myprojects/barely-teaching-app/src/components/header.js","statementMap":{"0":{"start":{"line":10,"column":15},"end":{"line":56,"column":1}},"1":{"start":{"line":11,"column":2},"end":{"line":55,"column":8}},"2":{"start":{"line":58,"column":27},"end":{"line":60,"column":2}},"3":{"start":{"line":58,"column":40},"end":{"line":60,"column":1}},"4":{"start":{"line":59,"column":21},"end":{"line":59,"column":44}}},"fnMap":{"0":{"name":"(anonymous_0)","decl":{"start":{"line":10,"column":15},"end":{"line":10,"column":16}},"loc":{"start":{"line":11,"column":2},"end":{"line":55,"column":8}},"line":11},"1":{"name":"(anonymous_1)","decl":{"start":{"line":58,"column":27},"end":{"line":58,"column":28}},"loc":{"start":{"line":58,"column":40},"end":{"line":60,"column":1}},"line":58},"2":{"name":"(anonymous_2)","decl":{"start":{"line":59,"column":15},"end":{"line":59,"column":16}},"loc":{"start":{"line":59,"column":21},"end":{"line":59,"column":44}},"line":59}},"branchMap":{},"s":{"0":1,"1":0,"2":1,"3":0,"4":0},"f":{"0":0,"1":0,"2":0},"b":{},"_coverageSchema":"332fd63041d2c1bcb487cc26dd0d5f7d97098a6c","hash":"16b2b03751ad0b7326ef5bd6084dd28f9e6bcd2d"}
,"/Users/joe/programming/myprojects/barely-teaching-app/src/components/loading-page.js": {"path":"/Users/joe/programming/myprojects/barely-teaching-app/src/components/loading-page.js","statementMap":{"0":{"start":{"line":6,"column":20},"end":{"line":10,"column":1}},"1":{"start":{"line":7,"column":2},"end":{"line":9,"column":8}}},"fnMap":{"0":{"name":"(anonymous_0)","decl":{"start":{"line":6,"column":20},"end":{"line":6,"column":21}},"loc":{"start":{"line":7,"column":2},"end":{"line":9,"column":8}},"line":7}},"branchMap":{},"s":{"0":1,"1":0},"f":{"0":0},"b":{},"_coverageSchema":"332fd63041d2c1bcb487cc26dd0d5f7d97098a6c","hash":"936bfeefd69ad6acbdd7bc413efb35b26026e21b"}
,"/Users/joe/programming/myprojects/barely-teaching-app/src/firebase/firebase.js": {"path":"/Users/joe/programming/myprojects/barely-teaching-app/src/firebase/firebase.js","statementMap":{"0":{"start":{"line":8,"column":15},"end":{"line":15,"column":1}},"1":{"start":{"line":17,"column":0},"end":{"line":17,"column":31}},"2":{"start":{"line":19,"column":17},"end":{"line":19,"column":36}},"3":{"start":{"line":20,"column":27},"end":{"line":20,"column":65}}},"fnMap":{},"branchMap":{},"s":{"0":4,"1":4,"2":4,"3":4},"f":{},"b":{},"_coverageSchema":"332fd63041d2c1bcb487cc26dd0d5f7d97098a6c","hash":"c88ef33b72bbdd58ee9e84d32fe92f52b7d18640"}
,"/Users/joe/programming/myprojects/barely-teaching-app/src/redux/actions/auth.js": {"path":"/Users/joe/programming/myprojects/barely-teaching-app/src/redux/actions/auth.js","statementMap":{"0":{"start":{"line":3,"column":21},"end":{"line":6,"column":2}},"1":{"start":{"line":3,"column":29},"end":{"line":6,"column":1}},"2":{"start":{"line":8,"column":26},"end":{"line":12,"column":1}},"3":{"start":{"line":9,"column":2},"end":{"line":11,"column":4}},"4":{"start":{"line":10,"column":4},"end":{"line":10,"column":63}},"5":{"start":{"line":14,"column":22},"end":{"line":16,"column":2}},"6":{"start":{"line":14,"column":29},"end":{"line":16,"column":1}},"7":{"start":{"line":18,"column":27},"end":{"line":22,"column":1}},"8":{"start":{"line":19,"column":2},"end":{"line":21,"column":4}},"9":{"start":{"line":20,"column":4},"end":{"line":20,"column":37}}},"fnMap":{"0":{"name":"(anonymous_0)","decl":{"start":{"line":3,"column":21},"end":{"line":3,"column":22}},"loc":{"start":{"line":3,"column":29},"end":{"line":6,"column":1}},"line":3},"1":{"name":"(anonymous_1)","decl":{"start":{"line":8,"column":26},"end":{"line":8,"column":27}},"loc":{"start":{"line":8,"column":32},"end":{"line":12,"column":1}},"line":8},"2":{"name":"(anonymous_2)","decl":{"start":{"line":9,"column":9},"end":{"line":9,"column":10}},"loc":{"start":{"line":9,"column":15},"end":{"line":11,"column":3}},"line":9},"3":{"name":"(anonymous_3)","decl":{"start":{"line":14,"column":22},"end":{"line":14,"column":23}},"loc":{"start":{"line":14,"column":29},"end":{"line":16,"column":1}},"line":14},"4":{"name":"(anonymous_4)","decl":{"start":{"line":18,"column":27},"end":{"line":18,"column":28}},"loc":{"start":{"line":18,"column":33},"end":{"line":22,"column":1}},"line":18},"5":{"name":"(anonymous_5)","decl":{"start":{"line":19,"column":9},"end":{"line":19,"column":10}},"loc":{"start":{"line":19,"column":15},"end":{"line":21,"column":3}},"line":19}},"branchMap":{},"s":{"0":3,"1":1,"2":3,"3":0,"4":0,"5":3,"6":1,"7":3,"8":0,"9":0},"f":{"0":1,"1":0,"2":0,"3":1,"4":0,"5":0},"b":{},"_coverageSchema":"332fd63041d2c1bcb487cc26dd0d5f7d97098a6c","hash":"c77d86ae5135f2c0140d93a1213305fe91e1805c"}
,"/Users/joe/programming/myprojects/barely-teaching-app/src/redux/actions/filters.js": {"path":"/Users/joe/programming/myprojects/barely-teaching-app/src/redux/actions/filters.js","statementMap":{"0":{"start":{"line":2,"column":29},"end":{"line":5,"column":2}},"1":{"start":{"line":2,"column":45},"end":{"line":5,"column":1}},"2":{"start":{"line":8,"column":26},"end":{"line":10,"column":2}},"3":{"start":{"line":8,"column":33},"end":{"line":10,"column":1}},"4":{"start":{"line":13,"column":28},"end":{"line":15,"column":2}},"5":{"start":{"line":13,"column":35},"end":{"line":15,"column":1}},"6":{"start":{"line":18,"column":28},"end":{"line":21,"column":2}},"7":{"start":{"line":18,"column":42},"end":{"line":21,"column":1}},"8":{"start":{"line":24,"column":26},"end":{"line":27,"column":2}},"9":{"start":{"line":24,"column":38},"end":{"line":27,"column":1}}},"fnMap":{"0":{"name":"(anonymous_0)","decl":{"start":{"line":2,"column":29},"end":{"line":2,"column":30}},"loc":{"start":{"line":2,"column":45},"end":{"line":5,"column":1}},"line":2},"1":{"name":"(anonymous_1)","decl":{"start":{"line":8,"column":26},"end":{"line":8,"column":27}},"loc":{"start":{"line":8,"column":33},"end":{"line":10,"column":1}},"line":8},"2":{"name":"(anonymous_2)","decl":{"start":{"line":13,"column":28},"end":{"line":13,"column":29}},"loc":{"start":{"line":13,"column":35},"end":{"line":15,"column":1}},"line":13},"3":{"name":"(anonymous_3)","decl":{"start":{"line":18,"column":28},"end":{"line":18,"column":29}},"loc":{"start":{"line":18,"column":42},"end":{"line":21,"column":1}},"line":18},"4":{"name":"(anonymous_4)","decl":{"start":{"line":24,"column":26},"end":{"line":24,"column":27}},"loc":{"start":{"line":24,"column":38},"end":{"line":27,"column":1}},"line":24}},"branchMap":{"0":{"loc":{"start":{"line":2,"column":30},"end":{"line":2,"column":39}},"type":"default-arg","locations":[{"start":{"line":2,"column":37},"end":{"line":2,"column":39}}],"line":2}},"s":{"0":2,"1":2,"2":2,"3":1,"4":2,"5":1,"6":2,"7":1,"8":2,"9":1},"f":{"0":2,"1":1,"2":1,"3":1,"4":1},"b":{"0":[1]},"_coverageSchema":"332fd63041d2c1bcb487cc26dd0d5f7d97098a6c","hash":"84486abfca8d20d6b5ab968e014fffe2832fdd88"}
,"/Users/joe/programming/myprojects/barely-teaching-app/src/redux/actions/reports.js": {"path":"/Users/joe/programming/myprojects/barely-teaching-app/src/redux/actions/reports.js","statementMap":{"0":{"start":{"line":5,"column":25},"end":{"line":8,"column":2}},"1":{"start":{"line":5,"column":36},"end":{"line":8,"column":1}},"2":{"start":{"line":10,"column":30},"end":{"line":33,"column":1}},"3":{"start":{"line":11,"column":2},"end":{"line":32,"column":4}},"4":{"start":{"line":12,"column":16},"end":{"line":12,"column":35}},"5":{"start":{"line":18,"column":8},"end":{"line":18,"column":18}},"6":{"start":{"line":19,"column":19},"end":{"line":19,"column":60}},"7":{"start":{"line":21,"column":4},"end":{"line":31,"column":9}},"8":{"start":{"line":25,"column":8},"end":{"line":30,"column":10}},"9":{"start":{"line":36,"column":28},"end":{"line":39,"column":2}},"10":{"start":{"line":36,"column":46},"end":{"line":39,"column":1}},"11":{"start":{"line":41,"column":33},"end":{"line":51,"column":1}},"12":{"start":{"line":42,"column":2},"end":{"line":50,"column":4}},"13":{"start":{"line":43,"column":16},"end":{"line":43,"column":35}},"14":{"start":{"line":44,"column":4},"end":{"line":49,"column":9}},"15":{"start":{"line":48,"column":8},"end":{"line":48,"column":39}},"16":{"start":{"line":54,"column":26},"end":{"line":58,"column":2}},"17":{"start":{"line":54,"column":44},"end":{"line":58,"column":1}},"18":{"start":{"line":60,"column":31},"end":{"line":70,"column":1}},"19":{"start":{"line":61,"column":2},"end":{"line":69,"column":4}},"20":{"start":{"line":62,"column":16},"end":{"line":62,"column":35}},"21":{"start":{"line":63,"column":4},"end":{"line":68,"column":9}},"22":{"start":{"line":67,"column":8},"end":{"line":67,"column":42}},"23":{"start":{"line":73,"column":26},"end":{"line":76,"column":2}},"24":{"start":{"line":73,"column":38},"end":{"line":76,"column":1}},"25":{"start":{"line":78,"column":31},"end":{"line":97,"column":1}},"26":{"start":{"line":79,"column":2},"end":{"line":96,"column":4}},"27":{"start":{"line":80,"column":16},"end":{"line":80,"column":35}},"28":{"start":{"line":81,"column":4},"end":{"line":95,"column":9}},"29":{"start":{"line":85,"column":24},"end":{"line":85,"column":26}},"30":{"start":{"line":87,"column":8},"end":{"line":92,"column":11}},"31":{"start":{"line":88,"column":10},"end":{"line":91,"column":13}},"32":{"start":{"line":94,"column":8},"end":{"line":94,"column":38}}},"fnMap":{"0":{"name":"(anonymous_0)","decl":{"start":{"line":5,"column":25},"end":{"line":5,"column":26}},"loc":{"start":{"line":5,"column":36},"end":{"line":8,"column":1}},"line":5},"1":{"name":"(anonymous_1)","decl":{"start":{"line":10,"column":30},"end":{"line":10,"column":31}},"loc":{"start":{"line":10,"column":51},"end":{"line":33,"column":1}},"line":10},"2":{"name":"(anonymous_2)","decl":{"start":{"line":11,"column":9},"end":{"line":11,"column":10}},"loc":{"start":{"line":11,"column":33},"end":{"line":32,"column":3}},"line":11},"3":{"name":"(anonymous_3)","decl":{"start":{"line":24,"column":12},"end":{"line":24,"column":13}},"loc":{"start":{"line":24,"column":19},"end":{"line":31,"column":7}},"line":24},"4":{"name":"(anonymous_4)","decl":{"start":{"line":36,"column":28},"end":{"line":36,"column":29}},"loc":{"start":{"line":36,"column":46},"end":{"line":39,"column":1}},"line":36},"5":{"name":"(anonymous_5)","decl":{"start":{"line":41,"column":33},"end":{"line":41,"column":34}},"loc":{"start":{"line":41,"column":50},"end":{"line":51,"column":1}},"line":41},"6":{"name":"(anonymous_6)","decl":{"start":{"line":42,"column":9},"end":{"line":42,"column":10}},"loc":{"start":{"line":42,"column":33},"end":{"line":50,"column":3}},"line":42},"7":{"name":"(anonymous_7)","decl":{"start":{"line":47,"column":12},"end":{"line":47,"column":13}},"loc":{"start":{"line":47,"column":18},"end":{"line":49,"column":7}},"line":47},"8":{"name":"(anonymous_8)","decl":{"start":{"line":54,"column":26},"end":{"line":54,"column":27}},"loc":{"start":{"line":54,"column":44},"end":{"line":58,"column":1}},"line":54},"9":{"name":"(anonymous_9)","decl":{"start":{"line":60,"column":31},"end":{"line":60,"column":32}},"loc":{"start":{"line":60,"column":48},"end":{"line":70,"column":1}},"line":60},"10":{"name":"(anonymous_10)","decl":{"start":{"line":61,"column":9},"end":{"line":61,"column":10}},"loc":{"start":{"line":61,"column":33},"end":{"line":69,"column":3}},"line":61},"11":{"name":"(anonymous_11)","decl":{"start":{"line":66,"column":12},"end":{"line":66,"column":13}},"loc":{"start":{"line":66,"column":18},"end":{"line":68,"column":7}},"line":66},"12":{"name":"(anonymous_12)","decl":{"start":{"line":73,"column":26},"end":{"line":73,"column":27}},"loc":{"start":{"line":73,"column":38},"end":{"line":76,"column":1}},"line":73},"13":{"name":"(anonymous_13)","decl":{"start":{"line":78,"column":31},"end":{"line":78,"column":32}},"loc":{"start":{"line":78,"column":37},"end":{"line":97,"column":1}},"line":78},"14":{"name":"(anonymous_14)","decl":{"start":{"line":79,"column":9},"end":{"line":79,"column":10}},"loc":{"start":{"line":79,"column":33},"end":{"line":96,"column":3}},"line":79},"15":{"name":"(anonymous_15)","decl":{"start":{"line":84,"column":12},"end":{"line":84,"column":13}},"loc":{"start":{"line":84,"column":24},"end":{"line":95,"column":7}},"line":84},"16":{"name":"(anonymous_16)","decl":{"start":{"line":87,"column":25},"end":{"line":87,"column":26}},"loc":{"start":{"line":87,"column":42},"end":{"line":92,"column":9}},"line":87}},"branchMap":{"0":{"loc":{"start":{"line":10,"column":31},"end":{"line":10,"column":46}},"type":"default-arg","locations":[{"start":{"line":10,"column":44},"end":{"line":10,"column":46}}],"line":10},"1":{"loc":{"start":{"line":14,"column":6},"end":{"line":14,"column":23}},"type":"default-arg","locations":[{"start":{"line":14,"column":21},"end":{"line":14,"column":23}}],"line":14},"2":{"loc":{"start":{"line":15,"column":6},"end":{"line":15,"column":15}},"type":"default-arg","locations":[{"start":{"line":15,"column":13},"end":{"line":15,"column":15}}],"line":15},"3":{"loc":{"start":{"line":16,"column":6},"end":{"line":16,"column":16}},"type":"default-arg","locations":[{"start":{"line":16,"column":15},"end":{"line":16,"column":16}}],"line":16},"4":{"loc":{"start":{"line":17,"column":6},"end":{"line":17,"column":19}},"type":"default-arg","locations":[{"start":{"line":17,"column":18},"end":{"line":17,"column":19}}],"line":17},"5":{"loc":{"start":{"line":36,"column":29},"end":{"line":36,"column":40}},"type":"default-arg","locations":[{"start":{"line":36,"column":38},"end":{"line":36,"column":40}}],"line":36},"6":{"loc":{"start":{"line":41,"column":34},"end":{"line":41,"column":45}},"type":"default-arg","locations":[{"start":{"line":41,"column":43},"end":{"line":41,"column":45}}],"line":41}},"s":{"0":1,"1":1,"2":1,"3":2,"4":2,"5":0,"6":0,"7":0,"8":0,"9":1,"10":1,"11":1,"12":1,"13":1,"14":1,"15":0,"16":1,"17":1,"18":1,"19":1,"20":1,"21":0,"22":0,"23":1,"24":1,"25":1,"26":1,"27":1,"28":0,"29":0,"30":0,"31":0,"32":0},"f":{"0":1,"1":2,"2":2,"3":0,"4":1,"5":1,"6":1,"7":0,"8":1,"9":1,"10":1,"11":0,"12":1,"13":1,"14":1,"15":0,"16":0},"b":{"0":[0],"1":[0],"2":[0],"3":[0],"4":[0],"5":[0],"6":[0]},"_coverageSchema":"332fd63041d2c1bcb487cc26dd0d5f7d97098a6c","hash":"fae3bc50f59dd9ad12d6687bcb4c527cab33b4d2"}
,"/Users/joe/programming/myprojects/barely-teaching-app/src/redux/reducers/auth.js": {"path":"/Users/joe/programming/myprojects/barely-teaching-app/src/redux/reducers/auth.js","statementMap":{"0":{"start":{"line":2,"column":2},"end":{"line":11,"column":3}},"1":{"start":{"line":4,"column":6},"end":{"line":6,"column":8}},"2":{"start":{"line":8,"column":6},"end":{"line":8,"column":16}},"3":{"start":{"line":10,"column":6},"end":{"line":10,"column":19}}},"fnMap":{"0":{"name":"(anonymous_0)","decl":{"start":{"line":1,"column":15},"end":{"line":1,"column":16}},"loc":{"start":{"line":1,"column":39},"end":{"line":12,"column":1}},"line":1}},"branchMap":{"0":{"loc":{"start":{"line":1,"column":16},"end":{"line":1,"column":26}},"type":"default-arg","locations":[{"start":{"line":1,"column":24},"end":{"line":1,"column":26}}],"line":1},"1":{"loc":{"start":{"line":2,"column":2},"end":{"line":11,"column":3}},"type":"switch","locations":[{"start":{"line":3,"column":4},"end":{"line":6,"column":8}},{"start":{"line":7,"column":4},"end":{"line":8,"column":16}},{"start":{"line":9,"column":4},"end":{"line":10,"column":19}}],"line":2}},"s":{"0":2,"1":1,"2":1,"3":0},"f":{"0":2},"b":{"0":[0],"1":[1,1,0]},"_coverageSchema":"332fd63041d2c1bcb487cc26dd0d5f7d97098a6c","hash":"922d0b7cb93a3f9b5562cf3e326020e0eb348980"}
,"/Users/joe/programming/myprojects/barely-teaching-app/src/redux/reducers/filters.js": {"path":"/Users/joe/programming/myprojects/barely-teaching-app/src/redux/reducers/filters.js","statementMap":{"0":{"start":{"line":3,"column":24},"end":{"line":3,"column":41}},"1":{"start":{"line":4,"column":23},"end":{"line":4,"column":39}},"2":{"start":{"line":5,"column":21},"end":{"line":5,"column":35}},"3":{"start":{"line":6,"column":23},"end":{"line":6,"column":39}},"4":{"start":{"line":7,"column":21},"end":{"line":7,"column":35}},"5":{"start":{"line":9,"column":21},"end":{"line":14,"column":1}},"6":{"start":{"line":17,"column":2},"end":{"line":42,"column":3}},"7":{"start":{"line":19,"column":6},"end":{"line":22,"column":8}},"8":{"start":{"line":24,"column":6},"end":{"line":24,"column":44}},"9":{"start":{"line":26,"column":6},"end":{"line":29,"column":8}},"10":{"start":{"line":31,"column":6},"end":{"line":34,"column":8}},"11":{"start":{"line":36,"column":6},"end":{"line":39,"column":8}},"12":{"start":{"line":41,"column":6},"end":{"line":41,"column":19}},"13":{"start":{"line":47,"column":2},"end":{"line":50,"column":4}},"14":{"start":{"line":55,"column":2},"end":{"line":57,"column":4}},"15":{"start":{"line":62,"column":2},"end":{"line":64,"column":4}},"16":{"start":{"line":69,"column":2},"end":{"line":72,"column":4}},"17":{"start":{"line":77,"column":2},"end":{"line":80,"column":4}}},"fnMap":{"0":{"name":"(anonymous_0)","decl":{"start":{"line":16,"column":15},"end":{"line":16,"column":16}},"loc":{"start":{"line":16,"column":49},"end":{"line":43,"column":1}},"line":16},"1":{"name":"setTextFilter","decl":{"start":{"line":46,"column":16},"end":{"line":46,"column":29}},"loc":{"start":{"line":46,"column":41},"end":{"line":51,"column":1}},"line":46},"2":{"name":"sortByDate","decl":{"start":{"line":54,"column":16},"end":{"line":54,"column":26}},"loc":{"start":{"line":54,"column":29},"end":{"line":58,"column":1}},"line":54},"3":{"name":"sortByPeriod","decl":{"start":{"line":61,"column":16},"end":{"line":61,"column":28}},"loc":{"start":{"line":61,"column":31},"end":{"line":65,"column":1}},"line":61},"4":{"name":"setStartDate","decl":{"start":{"line":68,"column":16},"end":{"line":68,"column":28}},"loc":{"start":{"line":68,"column":31},"end":{"line":73,"column":1}},"line":68},"5":{"name":"setEndDate","decl":{"start":{"line":76,"column":16},"end":{"line":76,"column":26}},"loc":{"start":{"line":76,"column":29},"end":{"line":81,"column":1}},"line":76}},"branchMap":{"0":{"loc":{"start":{"line":16,"column":16},"end":{"line":16,"column":36}},"type":"default-arg","locations":[{"start":{"line":16,"column":24},"end":{"line":16,"column":36}}],"line":16},"1":{"loc":{"start":{"line":17,"column":2},"end":{"line":42,"column":3}},"type":"switch","locations":[{"start":{"line":18,"column":4},"end":{"line":22,"column":8}},{"start":{"line":23,"column":4},"end":{"line":24,"column":44}},{"start":{"line":25,"column":4},"end":{"line":29,"column":8}},{"start":{"line":30,"column":4},"end":{"line":34,"column":8}},{"start":{"line":35,"column":4},"end":{"line":39,"column":8}},{"start":{"line":40,"column":4},"end":{"line":41,"column":19}}],"line":17},"2":{"loc":{"start":{"line":46,"column":30},"end":{"line":46,"column":39}},"type":"default-arg","locations":[{"start":{"line":46,"column":37},"end":{"line":46,"column":39}}],"line":46}},"s":{"0":1,"1":1,"2":1,"3":1,"4":1,"5":1,"6":6,"7":1,"8":1,"9":1,"10":1,"11":1,"12":1,"13":0,"14":0,"15":0,"16":0,"17":0},"f":{"0":6,"1":0,"2":0,"3":0,"4":0,"5":0},"b":{"0":[5],"1":[1,1,1,1,1,1],"2":[0]},"_coverageSchema":"332fd63041d2c1bcb487cc26dd0d5f7d97098a6c","hash":"611a451cb0e200120034d113d8400466b8a79046"}
,"/Users/joe/programming/myprojects/barely-teaching-app/src/redux/reducers/reports.js": {"path":"/Users/joe/programming/myprojects/barely-teaching-app/src/redux/reducers/reports.js","statementMap":{"0":{"start":{"line":3,"column":35},"end":{"line":3,"column":37}},"1":{"start":{"line":6,"column":2},"end":{"line":23,"column":3}},"2":{"start":{"line":8,"column":6},"end":{"line":8,"column":39}},"3":{"start":{"line":10,"column":6},"end":{"line":10,"column":56}},"4":{"start":{"line":10,"column":38},"end":{"line":10,"column":54}},"5":{"start":{"line":12,"column":6},"end":{"line":18,"column":9}},"6":{"start":{"line":13,"column":8},"end":{"line":17,"column":9}},"7":{"start":{"line":14,"column":10},"end":{"line":14,"column":50}},"8":{"start":{"line":16,"column":10},"end":{"line":16,"column":24}},"9":{"start":{"line":20,"column":6},"end":{"line":20,"column":28}},"10":{"start":{"line":22,"column":6},"end":{"line":22,"column":19}}},"fnMap":{"0":{"name":"(anonymous_0)","decl":{"start":{"line":5,"column":15},"end":{"line":5,"column":16}},"loc":{"start":{"line":5,"column":63},"end":{"line":24,"column":1}},"line":5},"1":{"name":"(anonymous_1)","decl":{"start":{"line":10,"column":26},"end":{"line":10,"column":27}},"loc":{"start":{"line":10,"column":38},"end":{"line":10,"column":54}},"line":10},"2":{"name":"(anonymous_2)","decl":{"start":{"line":12,"column":23},"end":{"line":12,"column":24}},"loc":{"start":{"line":12,"column":33},"end":{"line":18,"column":7}},"line":12}},"branchMap":{"0":{"loc":{"start":{"line":5,"column":16},"end":{"line":5,"column":50}},"type":"default-arg","locations":[{"start":{"line":5,"column":24},"end":{"line":5,"column":50}}],"line":5},"1":{"loc":{"start":{"line":6,"column":2},"end":{"line":23,"column":3}},"type":"switch","locations":[{"start":{"line":7,"column":4},"end":{"line":8,"column":39}},{"start":{"line":9,"column":4},"end":{"line":10,"column":56}},{"start":{"line":11,"column":4},"end":{"line":18,"column":9}},{"start":{"line":19,"column":4},"end":{"line":20,"column":28}},{"start":{"line":21,"column":4},"end":{"line":22,"column":19}}],"line":6},"2":{"loc":{"start":{"line":13,"column":8},"end":{"line":17,"column":9}},"type":"if","locations":[{"start":{"line":13,"column":8},"end":{"line":17,"column":9}},{"start":{"line":13,"column":8},"end":{"line":17,"column":9}}],"line":13}},"s":{"0":1,"1":7,"2":1,"3":2,"4":6,"5":2,"6":6,"7":1,"8":5,"9":1,"10":1},"f":{"0":7,"1":6,"2":6},"b":{"0":[1],"1":[1,2,2,1,1],"2":[1,5]},"_coverageSchema":"332fd63041d2c1bcb487cc26dd0d5f7d97098a6c","hash":"3c0acdb9dda1acd0ff4e6e53e9b00890293b8e74"}
,"/Users/joe/programming/myprojects/barely-teaching-app/src/tests/fixtures/filters.js": {"path":"/Users/joe/programming/myprojects/barely-teaching-app/src/tests/fixtures/filters.js","statementMap":{"0":{"start":{"line":3,"column":16},"end":{"line":8,"column":1}},"1":{"start":{"line":10,"column":19},"end":{"line":15,"column":1}}},"fnMap":{},"branchMap":{},"s":{"0":1,"1":1},"f":{},"b":{},"_coverageSchema":"332fd63041d2c1bcb487cc26dd0d5f7d97098a6c","hash":"84cc106b02e7323c8b87dde0d7cfd515e3baee23"}
,"/Users/joe/programming/myprojects/barely-teaching-app/src/tests/fixtures/reports.js": {"path":"/Users/joe/programming/myprojects/barely-teaching-app/src/tests/fixtures/reports.js","statementMap":{},"fnMap":{},"branchMap":{},"s":{},"f":{},"b":{},"_coverageSchema":"332fd63041d2c1bcb487cc26dd0d5f7d97098a6c","hash":"66f9483a326bdaf78b9da02dd349f3055645362c"}
,"/Users/joe/programming/myprojects/barely-teaching-app/src/views/Reports/components/ReportListFilters.js": {"path":"/Users/joe/programming/myprojects/barely-teaching-app/src/views/Reports/components/ReportListFilters.js","statementMap":{"0":{"start":{"line":17,"column":4},"end":{"line":17,"column":39}},"1":{"start":{"line":18,"column":4},"end":{"line":18,"column":35}},"2":{"start":{"line":21,"column":4},"end":{"line":21,"column":47}},"3":{"start":{"line":21,"column":25},"end":{"line":21,"column":44}},"4":{"start":{"line":24,"column":4},"end":{"line":24,"column":45}},"5":{"start":{"line":27,"column":4},"end":{"line":31,"column":5}},"6":{"start":{"line":28,"column":6},"end":{"line":28,"column":30}},"7":{"start":{"line":29,"column":11},"end":{"line":31,"column":5}},"8":{"start":{"line":30,"column":6},"end":{"line":30,"column":32}},"9":{"start":{"line":34,"column":4},"end":{"line":70,"column":6}},"10":{"start":{"line":65,"column":36},"end":{"line":65,"column":41}},"11":{"start":{"line":74,"column":24},"end":{"line":76,"column":2}},"12":{"start":{"line":74,"column":34},"end":{"line":76,"column":1}},"13":{"start":{"line":78,"column":27},"end":{"line":84,"column":2}},"14":{"start":{"line":78,"column":40},"end":{"line":84,"column":1}},"15":{"start":{"line":79,"column":25},"end":{"line":79,"column":54}},"16":{"start":{"line":80,"column":20},"end":{"line":80,"column":42}},"17":{"start":{"line":81,"column":22},"end":{"line":81,"column":46}},"18":{"start":{"line":82,"column":29},"end":{"line":82,"column":62}},"19":{"start":{"line":83,"column":25},"end":{"line":83,"column":54}}},"fnMap":{"0":{"name":"(anonymous_0)","decl":{"start":{"line":16,"column":18},"end":{"line":16,"column":19}},"loc":{"start":{"line":16,"column":46},"end":{"line":19,"column":3}},"line":16},"1":{"name":"(anonymous_1)","decl":{"start":{"line":20,"column":18},"end":{"line":20,"column":19}},"loc":{"start":{"line":20,"column":37},"end":{"line":22,"column":3}},"line":20},"2":{"name":"(anonymous_2)","decl":{"start":{"line":21,"column":18},"end":{"line":21,"column":19}},"loc":{"start":{"line":21,"column":25},"end":{"line":21,"column":44}},"line":21},"3":{"name":"(anonymous_3)","decl":{"start":{"line":23,"column":17},"end":{"line":23,"column":18}},"loc":{"start":{"line":23,"column":22},"end":{"line":25,"column":3}},"line":23},"4":{"name":"(anonymous_4)","decl":{"start":{"line":26,"column":17},"end":{"line":26,"column":18}},"loc":{"start":{"line":26,"column":22},"end":{"line":32,"column":3}},"line":26},"5":{"name":"(anonymous_5)","decl":{"start":{"line":33,"column":2},"end":{"line":33,"column":3}},"loc":{"start":{"line":33,"column":11},"end":{"line":71,"column":3}},"line":33},"6":{"name":"(anonymous_6)","decl":{"start":{"line":65,"column":30},"end":{"line":65,"column":31}},"loc":{"start":{"line":65,"column":36},"end":{"line":65,"column":41}},"line":65},"7":{"name":"(anonymous_7)","decl":{"start":{"line":74,"column":24},"end":{"line":74,"column":25}},"loc":{"start":{"line":74,"column":34},"end":{"line":76,"column":1}},"line":74},"8":{"name":"(anonymous_8)","decl":{"start":{"line":78,"column":27},"end":{"line":78,"column":28}},"loc":{"start":{"line":78,"column":40},"end":{"line":84,"column":1}},"line":78},"9":{"name":"(anonymous_9)","decl":{"start":{"line":79,"column":17},"end":{"line":79,"column":18}},"loc":{"start":{"line":79,"column":25},"end":{"line":79,"column":54}},"line":79},"10":{"name":"(anonymous_10)","decl":{"start":{"line":80,"column":14},"end":{"line":80,"column":15}},"loc":{"start":{"line":80,"column":20},"end":{"line":80,"column":42}},"line":80},"11":{"name":"(anonymous_11)","decl":{"start":{"line":81,"column":16},"end":{"line":81,"column":17}},"loc":{"start":{"line":81,"column":22},"end":{"line":81,"column":46}},"line":81},"12":{"name":"(anonymous_12)","decl":{"start":{"line":82,"column":16},"end":{"line":82,"column":17}},"loc":{"start":{"line":82,"column":29},"end":{"line":82,"column":62}},"line":82},"13":{"name":"(anonymous_13)","decl":{"start":{"line":83,"column":14},"end":{"line":83,"column":15}},"loc":{"start":{"line":83,"column":25},"end":{"line":83,"column":54}},"line":83}},"branchMap":{"0":{"loc":{"start":{"line":27,"column":4},"end":{"line":31,"column":5}},"type":"if","locations":[{"start":{"line":27,"column":4},"end":{"line":31,"column":5}},{"start":{"line":27,"column":4},"end":{"line":31,"column":5}}],"line":27},"1":{"loc":{"start":{"line":29,"column":11},"end":{"line":31,"column":5}},"type":"if","locations":[{"start":{"line":29,"column":11},"end":{"line":31,"column":5}},{"start":{"line":29,"column":11},"end":{"line":31,"column":5}}],"line":29}},"s":{"0":0,"1":0,"2":0,"3":0,"4":0,"5":0,"6":0,"7":0,"8":0,"9":0,"10":0,"11":1,"12":0,"13":1,"14":0,"15":0,"16":0,"17":0,"18":0,"19":0},"f":{"0":0,"1":0,"2":0,"3":0,"4":0,"5":0,"6":0,"7":0,"8":0,"9":0,"10":0,"11":0,"12":0,"13":0},"b":{"0":[0,0],"1":[0,0]},"_coverageSchema":"332fd63041d2c1bcb487cc26dd0d5f7d97098a6c","hash":"52154342e06998b2a23eec7722663dbf2980a376"}
,"/Users/joe/programming/myprojects/barely-teaching-app/src/views/Reports/components/ReportListItem.js": {"path":"/Users/joe/programming/myprojects/barely-teaching-app/src/views/Reports/components/ReportListItem.js","statementMap":{"0":{"start":{"line":6,"column":23},"end":{"line":16,"column":1}},"1":{"start":{"line":7,"column":2},"end":{"line":15,"column":9}}},"fnMap":{"0":{"name":"(anonymous_0)","decl":{"start":{"line":6,"column":23},"end":{"line":6,"column":24}},"loc":{"start":{"line":7,"column":2},"end":{"line":15,"column":9}},"line":7}},"branchMap":{},"s":{"0":1,"1":0},"f":{"0":0},"b":{},"_coverageSchema":"332fd63041d2c1bcb487cc26dd0d5f7d97098a6c","hash":"43a7409ffcdcd3c4a2fd188a95a58118276c63c4"}
,"/Users/joe/programming/myprojects/barely-teaching-app/src/views/Reports/containers/ReportsHeader/ReportsHeader.js": {"path":"/Users/joe/programming/myprojects/barely-teaching-app/src/views/Reports/containers/ReportsHeader/ReportsHeader.js","statementMap":{"0":{"start":{"line":4,"column":22},"end":{"line":17,"column":1}},"1":{"start":{"line":5,"column":2},"end":{"line":16,"column":11}}},"fnMap":{"0":{"name":"(anonymous_0)","decl":{"start":{"line":4,"column":22},"end":{"line":4,"column":23}},"loc":{"start":{"line":5,"column":2},"end":{"line":16,"column":11}},"line":5}},"branchMap":{},"s":{"0":1,"1":0},"f":{"0":0},"b":{},"_coverageSchema":"332fd63041d2c1bcb487cc26dd0d5f7d97098a6c","hash":"ab2c9ea26fc394a6f1028c7158c4dd9f3900a2b4"}
,"/Users/joe/programming/myprojects/barely-teaching-app/src/views/Reports/selectors/reports.js": {"path":"/Users/joe/programming/myprojects/barely-teaching-app/src/views/Reports/selectors/reports.js","statementMap":{"0":{"start":{"line":5,"column":2},"end":{"line":26,"column":7}},"1":{"start":{"line":7,"column":30},"end":{"line":7,"column":54}},"2":{"start":{"line":8,"column":29},"end":{"line":10,"column":14}},"3":{"start":{"line":11,"column":27},"end":{"line":13,"column":14}},"4":{"start":{"line":14,"column":24},"end":{"line":16,"column":37}},"5":{"start":{"line":18,"column":6},"end":{"line":18,"column":57}},"6":{"start":{"line":21,"column":6},"end":{"line":25,"column":7}},"7":{"start":{"line":22,"column":8},"end":{"line":22,"column":50}},"8":{"start":{"line":23,"column":13},"end":{"line":25,"column":7}},"9":{"start":{"line":24,"column":8},"end":{"line":24,"column":44}}},"fnMap":{"0":{"name":"(anonymous_0)","decl":{"start":{"line":4,"column":15},"end":{"line":4,"column":16}},"loc":{"start":{"line":4,"column":66},"end":{"line":27,"column":1}},"line":4},"1":{"name":"(anonymous_1)","decl":{"start":{"line":6,"column":12},"end":{"line":6,"column":13}},"loc":{"start":{"line":6,"column":22},"end":{"line":19,"column":5}},"line":6},"2":{"name":"(anonymous_2)","decl":{"start":{"line":20,"column":10},"end":{"line":20,"column":11}},"loc":{"start":{"line":20,"column":20},"end":{"line":26,"column":5}},"line":20}},"branchMap":{"0":{"loc":{"start":{"line":8,"column":29},"end":{"line":10,"column":14}},"type":"cond-expr","locations":[{"start":{"line":9,"column":10},"end":{"line":9,"column":58}},{"start":{"line":10,"column":10},"end":{"line":10,"column":14}}],"line":8},"1":{"loc":{"start":{"line":11,"column":27},"end":{"line":13,"column":14}},"type":"cond-expr","locations":[{"start":{"line":12,"column":10},"end":{"line":12,"column":55}},{"start":{"line":13,"column":10},"end":{"line":13,"column":14}}],"line":11},"2":{"loc":{"start":{"line":18,"column":13},"end":{"line":18,"column":56}},"type":"binary-expr","locations":[{"start":{"line":18,"column":13},"end":{"line":18,"column":27}},{"start":{"line":18,"column":31},"end":{"line":18,"column":43}},{"start":{"line":18,"column":47},"end":{"line":18,"column":56}}],"line":18},"3":{"loc":{"start":{"line":21,"column":6},"end":{"line":25,"column":7}},"type":"if","locations":[{"start":{"line":21,"column":6},"end":{"line":25,"column":7}},{"start":{"line":21,"column":6},"end":{"line":25,"column":7}}],"line":21},"4":{"loc":{"start":{"line":22,"column":15},"end":{"line":22,"column":49}},"type":"cond-expr","locations":[{"start":{"line":22,"column":43},"end":{"line":22,"column":44}},{"start":{"line":22,"column":47},"end":{"line":22,"column":49}}],"line":22},"5":{"loc":{"start":{"line":23,"column":13},"end":{"line":25,"column":7}},"type":"if","locations":[{"start":{"line":23,"column":13},"end":{"line":25,"column":7}},{"start":{"line":23,"column":13},"end":{"line":25,"column":7}}],"line":23},"6":{"loc":{"start":{"line":24,"column":15},"end":{"line":24,"column":43}},"type":"cond-expr","locations":[{"start":{"line":24,"column":37},"end":{"line":24,"column":38}},{"start":{"line":24,"column":41},"end":{"line":24,"column":43}}],"line":24}},"s":{"0":5,"1":15,"2":15,"3":15,"4":15,"5":15,"6":9,"7":6,"8":3,"9":3},"f":{"0":5,"1":15,"2":9},"b":{"0":[3,12],"1":[3,12],"2":[15,14,13],"3":[6,3],"4":[4,2],"5":[3,0],"6":[2,1]},"_coverageSchema":"332fd63041d2c1bcb487cc26dd0d5f7d97098a6c","hash":"1e4bda08bae42bb2df251fc598939a87b1e9c360"}
,"/Users/joe/programming/myprojects/barely-teaching-app/src/views/login-view/login-view.js": {"path":"/Users/joe/programming/myprojects/barely-teaching-app/src/views/login-view/login-view.js","statementMap":{"0":{"start":{"line":9,"column":25},"end":{"line":23,"column":1}},"1":{"start":{"line":10,"column":2},"end":{"line":22,"column":8}},"2":{"start":{"line":25,"column":27},"end":{"line":27,"column":2}},"3":{"start":{"line":25,"column":40},"end":{"line":27,"column":1}},"4":{"start":{"line":26,"column":20},"end":{"line":26,"column":42}}},"fnMap":{"0":{"name":"(anonymous_0)","decl":{"start":{"line":9,"column":25},"end":{"line":9,"column":26}},"loc":{"start":{"line":10,"column":2},"end":{"line":22,"column":8}},"line":10},"1":{"name":"(anonymous_1)","decl":{"start":{"line":25,"column":27},"end":{"line":25,"column":28}},"loc":{"start":{"line":25,"column":40},"end":{"line":27,"column":1}},"line":25},"2":{"name":"(anonymous_2)","decl":{"start":{"line":26,"column":14},"end":{"line":26,"column":15}},"loc":{"start":{"line":26,"column":20},"end":{"line":26,"column":42}},"line":26}},"branchMap":{},"s":{"0":1,"1":0,"2":1,"3":0,"4":0},"f":{"0":0,"1":0,"2":0},"b":{},"_coverageSchema":"332fd63041d2c1bcb487cc26dd0d5f7d97098a6c","hash":"66aa252a05a380431c7556eb70f11a02fd3ade82"}
}
