TN:
SF:/Users/joe/programming/myprojects/barely-teaching-app/src/redux/actions/filters.js
FN:2,(anonymous_0)
FN:8,(anonymous_1)
FN:13,(anonymous_2)
FN:18,(anonymous_3)
FN:24,(anonymous_4)
FNF:5
FNH:0
FNDA:0,(anonymous_0)
FNDA:0,(anonymous_1)
FNDA:0,(anonymous_2)
FNDA:0,(anonymous_3)
FNDA:0,(anonymous_4)
DA:2,1
DA:8,1
DA:13,1
DA:18,1
DA:24,1
LF:5
LH:5
BRDA:2,0,0,0
BRF:1
BRH:0
end_of_record
TN:
SF:/Users/joe/programming/myprojects/barely-teaching-app/src/tests/fixtures/filters.js
FNF:0
FNH:0
DA:3,1
DA:10,1
LF:2
LH:2
BRF:0
BRH:0
end_of_record
TN:
SF:/Users/joe/programming/myprojects/barely-teaching-app/src/views/Reports/components/ReportListFilters.js
FN:16,(anonymous_0)
FN:20,(anonymous_1)
FN:21,(anonymous_2)
FN:23,(anonymous_3)
FN:26,(anonymous_4)
FN:33,(anonymous_5)
FN:65,(anonymous_6)
FN:74,(anonymous_7)
FN:78,(anonymous_8)
FN:79,(anonymous_9)
FN:80,(anonymous_10)
FN:81,(anonymous_11)
FN:82,(anonymous_12)
FN:83,(anonymous_13)
FNF:14
FNH:0
FNDA:0,(anonymous_0)
FNDA:0,(anonymous_1)
FNDA:0,(anonymous_2)
FNDA:0,(anonymous_3)
FNDA:0,(anonymous_4)
FNDA:0,(anonymous_5)
FNDA:0,(anonymous_6)
FNDA:0,(anonymous_7)
FNDA:0,(anonymous_8)
FNDA:0,(anonymous_9)
FNDA:0,(anonymous_10)
FNDA:0,(anonymous_11)
FNDA:0,(anonymous_12)
FNDA:0,(anonymous_13)
DA:17,0
DA:18,0
DA:21,0
DA:24,0
DA:27,0
DA:28,0
DA:29,0
DA:30,0
DA:34,0
DA:65,0
DA:74,1
DA:78,1
DA:79,0
DA:80,0
DA:81,0
DA:82,0
DA:83,0
LF:17
LH:2
BRDA:27,0,0,0
BRDA:27,0,1,0
BRDA:29,1,0,0
BRDA:29,1,1,0
BRF:4
BRH:0
end_of_record
