TN:
SF:/Users/joe/programming/myprojects/barely-teaching-app/util.js
FNF:0
FNH:0
DA:1,4
DA:2,4
DA:3,4
LF:3
LH:3
BRF:0
BRH:0
end_of_record
TN:
SF:/Users/joe/programming/myprojects/barely-teaching-app/src/components/header.js
FN:10,(anonymous_0)
FN:58,(anonymous_1)
FN:59,(anonymous_2)
FNF:3
FNH:0
FNDA:0,(anonymous_0)
FNDA:0,(anonymous_1)
FNDA:0,(anonymous_2)
DA:10,1
DA:11,0
DA:58,1
DA:59,0
LF:4
LH:2
BRF:0
BRH:0
end_of_record
TN:
SF:/Users/joe/programming/myprojects/barely-teaching-app/src/components/loading-page.js
FN:6,(anonymous_0)
FNF:1
FNH:0
FNDA:0,(anonymous_0)
DA:6,1
DA:7,0
LF:2
LH:1
BRF:0
BRH:0
end_of_record
TN:
SF:/Users/joe/programming/myprojects/barely-teaching-app/src/firebase/firebase.js
FNF:0
FNH:0
DA:8,4
DA:17,4
DA:19,4
DA:20,4
LF:4
LH:4
BRF:0
BRH:0
end_of_record
TN:
SF:/Users/joe/programming/myprojects/barely-teaching-app/src/redux/actions/auth.js
FN:3,(anonymous_0)
FN:8,(anonymous_1)
FN:9,(anonymous_2)
FN:14,(anonymous_3)
FN:18,(anonymous_4)
FN:19,(anonymous_5)
FNF:6
FNH:2
FNDA:1,(anonymous_0)
FNDA:0,(anonymous_1)
FNDA:0,(anonymous_2)
FNDA:1,(anonymous_3)
FNDA:0,(anonymous_4)
FNDA:0,(anonymous_5)
DA:3,3
DA:8,3
DA:9,0
DA:10,0
DA:14,3
DA:18,3
DA:19,0
DA:20,0
LF:8
LH:4
BRF:0
BRH:0
end_of_record
TN:
SF:/Users/joe/programming/myprojects/barely-teaching-app/src/redux/actions/filters.js
FN:2,(anonymous_0)
FN:8,(anonymous_1)
FN:13,(anonymous_2)
FN:18,(anonymous_3)
FN:24,(anonymous_4)
FNF:5
FNH:5
FNDA:2,(anonymous_0)
FNDA:1,(anonymous_1)
FNDA:1,(anonymous_2)
FNDA:1,(anonymous_3)
FNDA:1,(anonymous_4)
DA:2,2
DA:8,2
DA:13,2
DA:18,2
DA:24,2
LF:5
LH:5
BRDA:2,0,0,1
BRF:1
BRH:1
end_of_record
TN:
SF:/Users/joe/programming/myprojects/barely-teaching-app/src/redux/actions/reports.js
FN:5,(anonymous_0)
FN:10,(anonymous_1)
FN:11,(anonymous_2)
FN:24,(anonymous_3)
FN:36,(anonymous_4)
FN:41,(anonymous_5)
FN:42,(anonymous_6)
FN:47,(anonymous_7)
FN:54,(anonymous_8)
FN:60,(anonymous_9)
FN:61,(anonymous_10)
FN:66,(anonymous_11)
FN:73,(anonymous_12)
FN:78,(anonymous_13)
FN:79,(anonymous_14)
FN:84,(anonymous_15)
FN:87,(anonymous_16)
FNF:17
FNH:12
FNDA:1,(anonymous_0)
FNDA:2,(anonymous_1)
FNDA:2,(anonymous_2)
FNDA:0,(anonymous_3)
FNDA:1,(anonymous_4)
FNDA:1,(anonymous_5)
FNDA:1,(anonymous_6)
FNDA:0,(anonymous_7)
FNDA:1,(anonymous_8)
FNDA:1,(anonymous_9)
FNDA:1,(anonymous_10)
FNDA:0,(anonymous_11)
FNDA:1,(anonymous_12)
FNDA:1,(anonymous_13)
FNDA:1,(anonymous_14)
FNDA:0,(anonymous_15)
FNDA:0,(anonymous_16)
DA:5,1
DA:10,1
DA:11,2
DA:12,2
DA:18,0
DA:19,0
DA:21,0
DA:25,0
DA:36,1
DA:41,1
DA:42,1
DA:43,1
DA:44,1
DA:48,0
DA:54,1
DA:60,1
DA:61,1
DA:62,1
DA:63,0
DA:67,0
DA:73,1
DA:78,1
DA:79,1
DA:80,1
DA:81,0
DA:85,0
DA:87,0
DA:88,0
DA:94,0
LF:29
LH:17
BRDA:10,0,0,0
BRDA:14,1,0,0
BRDA:15,2,0,0
BRDA:16,3,0,0
BRDA:17,4,0,0
BRDA:36,5,0,0
BRDA:41,6,0,0
BRF:7
BRH:0
end_of_record
TN:
SF:/Users/joe/programming/myprojects/barely-teaching-app/src/redux/reducers/auth.js
FN:1,(anonymous_0)
FNF:1
FNH:1
FNDA:2,(anonymous_0)
DA:2,2
DA:4,1
DA:8,1
DA:10,0
LF:4
LH:3
BRDA:1,0,0,0
BRDA:2,1,0,1
BRDA:2,1,1,1
BRDA:2,1,2,0
BRF:4
BRH:2
end_of_record
TN:
SF:/Users/joe/programming/myprojects/barely-teaching-app/src/redux/reducers/filters.js
FN:16,(anonymous_0)
FN:46,setTextFilter
FN:54,sortByDate
FN:61,sortByPeriod
FN:68,setStartDate
FN:76,setEndDate
FNF:6
FNH:1
FNDA:6,(anonymous_0)
FNDA:0,setTextFilter
FNDA:0,sortByDate
FNDA:0,sortByPeriod
FNDA:0,setStartDate
FNDA:0,setEndDate
DA:3,1
DA:4,1
DA:5,1
DA:6,1
DA:7,1
DA:9,1
DA:17,6
DA:19,1
DA:24,1
DA:26,1
DA:31,1
DA:36,1
DA:41,1
DA:47,0
DA:55,0
DA:62,0
DA:69,0
DA:77,0
LF:18
LH:13
BRDA:16,0,0,5
BRDA:17,1,0,1
BRDA:17,1,1,1
BRDA:17,1,2,1
BRDA:17,1,3,1
BRDA:17,1,4,1
BRDA:17,1,5,1
BRDA:46,2,0,0
BRF:8
BRH:7
end_of_record
TN:
SF:/Users/joe/programming/myprojects/barely-teaching-app/src/redux/reducers/reports.js
FN:5,(anonymous_0)
FN:10,(anonymous_1)
FN:12,(anonymous_2)
FNF:3
FNH:3
FNDA:7,(anonymous_0)
FNDA:6,(anonymous_1)
FNDA:6,(anonymous_2)
DA:3,1
DA:6,7
DA:8,1
DA:10,6
DA:12,2
DA:13,6
DA:14,1
DA:16,5
DA:20,1
DA:22,1
LF:10
LH:10
BRDA:5,0,0,1
BRDA:6,1,0,1
BRDA:6,1,1,2
BRDA:6,1,2,2
BRDA:6,1,3,1
BRDA:6,1,4,1
BRDA:13,2,0,1
BRDA:13,2,1,5
BRF:8
BRH:8
end_of_record
TN:
SF:/Users/joe/programming/myprojects/barely-teaching-app/src/tests/fixtures/filters.js
FNF:0
FNH:0
DA:3,1
DA:10,1
LF:2
LH:2
BRF:0
BRH:0
end_of_record
TN:
SF:/Users/joe/programming/myprojects/barely-teaching-app/src/tests/fixtures/reports.js
FNF:0
FNH:0
LF:0
LH:0
BRF:0
BRH:0
end_of_record
TN:
SF:/Users/joe/programming/myprojects/barely-teaching-app/src/views/Reports/components/ReportListFilters.js
FN:16,(anonymous_0)
FN:20,(anonymous_1)
FN:21,(anonymous_2)
FN:23,(anonymous_3)
FN:26,(anonymous_4)
FN:33,(anonymous_5)
FN:65,(anonymous_6)
FN:74,(anonymous_7)
FN:78,(anonymous_8)
FN:79,(anonymous_9)
FN:80,(anonymous_10)
FN:81,(anonymous_11)
FN:82,(anonymous_12)
FN:83,(anonymous_13)
FNF:14
FNH:0
FNDA:0,(anonymous_0)
FNDA:0,(anonymous_1)
FNDA:0,(anonymous_2)
FNDA:0,(anonymous_3)
FNDA:0,(anonymous_4)
FNDA:0,(anonymous_5)
FNDA:0,(anonymous_6)
FNDA:0,(anonymous_7)
FNDA:0,(anonymous_8)
FNDA:0,(anonymous_9)
FNDA:0,(anonymous_10)
FNDA:0,(anonymous_11)
FNDA:0,(anonymous_12)
FNDA:0,(anonymous_13)
DA:17,0
DA:18,0
DA:21,0
DA:24,0
DA:27,0
DA:28,0
DA:29,0
DA:30,0
DA:34,0
DA:65,0
DA:74,1
DA:78,1
DA:79,0
DA:80,0
DA:81,0
DA:82,0
DA:83,0
LF:17
LH:2
BRDA:27,0,0,0
BRDA:27,0,1,0
BRDA:29,1,0,0
BRDA:29,1,1,0
BRF:4
BRH:0
end_of_record
TN:
SF:/Users/joe/programming/myprojects/barely-teaching-app/src/views/Reports/components/ReportListItem.js
FN:6,(anonymous_0)
FNF:1
FNH:0
FNDA:0,(anonymous_0)
DA:6,1
DA:7,0
LF:2
LH:1
BRF:0
BRH:0
end_of_record
TN:
SF:/Users/joe/programming/myprojects/barely-teaching-app/src/views/Reports/containers/ReportsHeader/ReportsHeader.js
FN:4,(anonymous_0)
FNF:1
FNH:0
FNDA:0,(anonymous_0)
DA:4,1
DA:5,0
LF:2
LH:1
BRF:0
BRH:0
end_of_record
TN:
SF:/Users/joe/programming/myprojects/barely-teaching-app/src/views/Reports/selectors/reports.js
FN:4,(anonymous_0)
FN:6,(anonymous_1)
FN:20,(anonymous_2)
FNF:3
FNH:3
FNDA:5,(anonymous_0)
FNDA:15,(anonymous_1)
FNDA:9,(anonymous_2)
DA:5,5
DA:7,15
DA:8,15
DA:11,15
DA:14,15
DA:18,15
DA:21,9
DA:22,6
DA:23,3
DA:24,3
LF:10
LH:10
BRDA:8,0,0,3
BRDA:8,0,1,12
BRDA:11,1,0,3
BRDA:11,1,1,12
BRDA:18,2,0,15
BRDA:18,2,1,14
BRDA:18,2,2,13
BRDA:21,3,0,6
BRDA:21,3,1,3
BRDA:22,4,0,4
BRDA:22,4,1,2
BRDA:23,5,0,3
BRDA:23,5,1,0
BRDA:24,6,0,2
BRDA:24,6,1,1
BRF:15
BRH:14
end_of_record
TN:
SF:/Users/joe/programming/myprojects/barely-teaching-app/src/views/login-view/login-view.js
FN:9,(anonymous_0)
FN:25,(anonymous_1)
FN:26,(anonymous_2)
FNF:3
FNH:0
FNDA:0,(anonymous_0)
FNDA:0,(anonymous_1)
FNDA:0,(anonymous_2)
DA:9,1
DA:10,0
DA:25,1
DA:26,0
LF:4
LH:2
BRF:0
BRH:0
end_of_record
